[2016-02-20 11:02:41] START
[2016-02-20 11:08:48] CREATE saleList.py: 0
[2016-02-20 11:12:06] EDIT salelist/models/saleList.py: 25
[2016-02-20 13:51:37] EDIT salelist/controllers/default.py: 0
[2016-02-20 13:51:43] EDIT salelist/controllers/default.py: 0
[2016-02-20 13:52:44] EDIT salelist/views/default/index.html: -47
[2016-02-20 13:54:48] EDIT salelist/views/default/index.html: 3
[2016-02-20 13:56:20] EDIT salelist/views/default/index.html: 0
[2016-02-20 13:56:46] EDIT salelist/views/default/index.html: 0
[2016-02-20 13:57:15] EDIT salelist/views/default/index.html: 0
[2016-02-20 13:57:28] EDIT salelist/views/default/index.html: 0
[2016-02-20 14:02:37] EDIT salelist/views/default/index.html: 0
[2016-02-20 14:03:00] EDIT salelist/views/default/index.html: 0
[2016-02-20 14:12:10] EDIT salelist/controllers/default.py: -3
[2016-02-20 14:12:41] EDIT salelist/controllers/default.py: 0
[2016-02-20 14:14:15] EDIT salelist/views/default/index.html: 0
[2016-02-20 14:20:11] EDIT salelist/views/default/index.html: 0
[2016-02-20 14:22:36] CREATE default/show.html: 0
[2016-02-20 14:27:13] EDIT salelist/views/default/show.html: -1
[2016-02-20 14:29:38] EDIT salelist/views/default/show.html: 2
[2016-02-20 14:31:33] EDIT salelist/views/default/show.html: 2
[2016-02-20 14:32:12] EDIT salelist/views/default/show.html: 1
[2016-02-20 14:32:28] EDIT salelist/views/default/show.html: 1
[2016-02-20 14:35:05] EDIT salelist/views/default/show.html: 4
[2016-02-20 14:35:32] EDIT salelist/views/default/show.html: 0
[2016-02-20 14:37:11] EDIT salelist/views/default/show.html: 0
[2016-02-20 14:37:36] EDIT salelist/views/default/show.html: 0
[2016-02-20 14:38:39] EDIT salelist/views/default/show.html: 0
[2016-02-20 15:18:27] EDIT salelist/views/default/show.html: 0
[2016-02-20 15:23:53] EDIT salelist/controllers/default.py: 1
[2016-02-20 15:24:04] EDIT salelist/controllers/default.py: 0
[2016-02-20 15:24:14] EDIT salelist/controllers/default.py: 0
[2016-02-20 15:25:02] EDIT salelist/views/default/show.html: 0
[2016-02-20 15:26:54] EDIT salelist/views/default/show.html: 3
[2016-02-20 15:28:06] EDIT salelist/views/default/show.html: 0
[2016-02-20 15:30:45] EDIT salelist/views/default/show.html: 1
[2016-02-20 15:31:59] EDIT salelist/views/default/show.html: 0
[2016-02-20 15:32:36] EDIT salelist/views/default/show.html: 0
[2016-02-20 15:32:53] EDIT salelist/views/default/show.html: 0
[2016-02-20 15:33:14] EDIT salelist/views/default/show.html: -1
[2016-02-20 15:34:20] EDIT salelist/views/default/show.html: 1
[2016-02-20 15:38:11] EDIT salelist/controllers/default.py: 1
[2016-02-20 15:38:20] EDIT salelist/controllers/default.py: 0
[2016-02-20 15:41:41] EDIT salelist/controllers/default.py: 1
[2016-02-20 15:42:54] EDIT salelist/controllers/default.py: 0
[2016-02-20 15:43:32] EDIT salelist/controllers/default.py: 0
[2016-02-20 15:44:29] EDIT salelist/controllers/default.py: 0
[2016-02-20 15:49:16] EDIT salelist/controllers/default.py: 0
[2016-02-20 15:50:55] EDIT salelist/controllers/default.py: 0
[2016-02-20 15:51:11] EDIT salelist/controllers/default.py: 0
[2016-02-20 15:52:15] EDIT salelist/views/default/show.html: 1
[2016-02-20 15:53:09] EDIT salelist/views/default/show.html: 1
[2016-02-20 15:54:40] EDIT salelist/views/default/show.html: 1
[2016-02-20 15:55:24] EDIT salelist/views/default/show.html: -1
[2016-02-20 15:55:39] EDIT salelist/views/default/show.html: 1
[2016-02-20 15:58:14] EDIT salelist/views/default/show.html: 0
[2016-02-20 15:58:47] EDIT salelist/views/default/show.html: 1
[2016-02-20 16:01:44] EDIT salelist/controllers/default.py: 0
[2016-02-20 16:03:27] EDIT salelist/controllers/default.py: 0
[2016-02-20 16:04:14] EDIT salelist/views/default/show.html: 0
[2016-02-20 16:05:35] EDIT salelist/controllers/default.py: 0
[2016-02-20 16:07:42] EDIT salelist/controllers/default.py: 0
[2016-02-20 16:08:16] EDIT salelist/views/default/show.html: -3
[2016-02-20 16:09:56] EDIT salelist/controllers/default.py: 0
[2016-02-20 16:11:48] EDIT salelist/views/default/show.html: 3
[2016-02-20 16:12:16] EDIT salelist/views/default/show.html: 0
[2016-02-20 16:12:36] EDIT salelist/views/default/show.html: 0
[2016-02-20 16:13:35] EDIT salelist/views/default/show.html: 0
[2016-02-20 16:14:20] EDIT salelist/views/default/show.html: 0
[2016-02-20 16:15:09] EDIT salelist/views/default/show.html: 0
[2016-02-20 16:15:25] EDIT salelist/views/default/show.html: 0
[2016-02-20 16:15:59] EDIT salelist/views/default/show.html: 0
[2016-02-20 16:16:57] EDIT salelist/controllers/default.py: 0
[2016-02-20 16:18:37] EDIT salelist/controllers/default.py: 0
[2016-02-20 16:19:01] EDIT salelist/controllers/default.py: 0
[2016-02-20 16:24:18] EDIT salelist/controllers/default.py: 0
[2016-02-20 16:27:21] EDIT salelist/controllers/default.py: 0
[2016-02-20 16:28:33] EDIT salelist/controllers/default.py: 0
[2016-02-20 16:30:36] EDIT salelist/models/saleList.py: 0
[2016-02-20 16:41:01] EDIT salelist/models/saleList.py: 0
[2016-02-20 16:41:11] EDIT salelist/models/saleList.py: 0
[2016-02-20 16:42:24] EDIT salelist/models/saleList.py: 0
[2016-02-20 16:49:09] EDIT salelist/models/saleList.py: 0
[2016-02-20 16:49:16] EDIT salelist/models/saleList.py: 0
[2016-02-20 16:49:24] EDIT salelist/models/saleList.py: -5
[2016-02-20 16:49:51] EDIT salelist/models/saleList.py: 5
[2016-02-20 16:50:26] EDIT salelist/models/saleList.py: -5
[2016-02-20 16:51:46] EDIT salelist/models/saleList.py: 5
[2016-02-20 16:52:55] EDIT salelist/models/saleList.py: 0
[2016-02-20 17:01:02] EDIT salelist/models/saleList.py: 0
[2016-02-20 17:01:05] EDIT salelist/models/saleList.py: 0
[2016-02-20 17:04:31] EDIT salelist/controllers/default.py: 0
[2016-02-20 17:05:54] EDIT salelist/controllers/default.py: 0
[2016-02-20 17:07:32] EDIT salelist/controllers/default.py: 0
[2016-02-20 17:59:33] EDIT salelist/controllers/default.py: 0
[2016-02-20 18:01:38] EDIT salelist/views/default/show.html: 3
[2016-02-20 18:02:30] EDIT salelist/views/default/show.html: 0
[2016-02-20 18:04:06] EDIT salelist/views/default/show.html: -2
[2016-02-20 18:04:39] EDIT salelist/views/default/show.html: 0
[2016-02-20 18:04:54] EDIT salelist/views/default/show.html: 0
[2016-02-20 18:16:07] EDIT salelist/views/default/show.html: 0
[2016-02-20 18:55:32] EDIT salelist/views/default/show.html: 0
[2016-02-20 19:06:54] EDIT salelist/views/default/show.html: 2
[2016-02-20 19:09:25] EDIT salelist/controllers/default.py: 1
[2016-02-20 19:18:57] EDIT salelist/controllers/default.py: 4
[2016-02-20 19:20:45] EDIT salelist/controllers/default.py: 0
[2016-02-20 19:22:46] EDIT salelist/models/saleList.py: 0
[2016-02-20 19:23:25] EDIT salelist/models/saleList.py: 0
[2016-02-20 19:26:57] EDIT salelist/models/saleList.py: 0
[2016-02-20 19:28:25] EDIT salelist/controllers/default.py: 0
[2016-02-20 19:28:47] EDIT salelist/models/saleList.py: 0
[2016-02-20 19:35:01] EDIT salelist/views/default/show.html: 0
[2016-02-20 19:36:34] EDIT salelist/views/default/show.html: 0
[2016-02-20 19:38:09] EDIT salelist/views/default/show.html: -4
[2016-02-20 19:40:51] EDIT salelist/views/default/show.html: 1
[2016-02-20 19:47:53] EDIT salelist/models/saleList.py: 0
[2016-02-20 19:48:17] EDIT salelist/controllers/default.py: 0
[2016-02-20 19:50:08] EDIT salelist/controllers/default.py: 0
[2016-02-20 19:51:28] EDIT salelist/models/saleList.py: 0
[2016-02-20 19:52:10] EDIT salelist/views/default/show.html: 0
[2016-02-20 19:59:22] EDIT salelist/controllers/default.py: 0
[2016-02-20 20:01:47] EDIT salelist/views/default/show.html: 3
[2016-02-20 20:47:41] EDIT salelist/views/default/show.html: 2
[2016-02-20 20:48:40] EDIT salelist/views/default/show.html: 0
[2016-02-20 21:29:48] EDIT salelist/controllers/default.py: 2
[2016-02-20 21:29:57] EDIT salelist/controllers/default.py: 0
[2016-02-20 21:30:38] EDIT salelist/views/default/show.html: 4
[2016-02-20 21:32:11] EDIT salelist/views/default/show.html: 0
[2016-02-20 21:50:40] EDIT salelist/views/default/show.html: -3
[2016-02-20 21:51:31] EDIT salelist/views/default/show.html: 0
[2016-02-20 22:07:43] EDIT salelist/views/default/show.html: 0
[2016-02-20 22:12:44] EDIT salelist/views/default/show.html: 0
[2016-02-20 22:13:55] EDIT salelist/views/default/show.html: 0
[2016-02-20 22:15:05] EDIT salelist/views/default/show.html: 0
[2016-02-20 22:16:20] EDIT salelist/views/default/show.html: 10
[2016-02-20 22:16:30] EDIT salelist/views/default/show.html: 0
[2016-02-20 22:17:04] EDIT salelist/views/default/show.html: 0
[2016-02-20 22:17:48] EDIT salelist/views/default/show.html: 0
[2016-02-20 22:18:34] EDIT salelist/views/default/show.html: -1
[2016-02-20 22:22:15] EDIT salelist/views/default/show.html: -1
[2016-02-20 23:37:18] EDIT salelist/models/saleList.py: 0
[2016-02-20 23:37:26] EDIT salelist/models/saleList.py: 0
[2016-02-20 23:41:18] DELETE salelist/views/default/show.html.1: -29
[2016-02-20 23:44:56] EDIT salelist/views/default/show.html: 0
[2016-02-20 23:48:29] EDIT salelist/controllers/default.py: 0
[2016-02-20 23:50:09] EDIT salelist/controllers/default.py: 5
[2016-02-20 23:50:26] EDIT salelist/controllers/default.py: -1
[2016-02-20 23:55:31] EDIT salelist/controllers/default.py: 3
[2016-02-20 23:56:27] EDIT salelist/controllers/default.py: 0
[2016-02-20 23:58:07] EDIT salelist/controllers/default.py: 0
[2016-02-21 00:05:05] EDIT salelist/views/default/show.html: 3
[2016-02-21 00:07:06] EDIT salelist/views/default/show.html: 1
[2016-02-21 00:08:28] EDIT salelist/views/default/show.html: -1
[2016-02-21 00:08:59] EDIT salelist/views/default/show.html: 0
[2016-02-21 00:24:42] EDIT salelist/views/default/show.html: 1
[2016-02-21 01:05:26] EDIT salelist/views/default/show.html: 1
[2016-02-21 01:10:28] EDIT salelist/views/default/show.html: 0
[2016-02-21 10:33:36] EDIT salelist/views/default/show.html: 1
[2016-02-21 10:35:50] EDIT salelist/views/default/show.html: 0
[2016-02-21 10:37:46] EDIT salelist/views/default/show.html: 0
[2016-02-21 10:38:36] EDIT salelist/views/default/show.html: 0
[2016-02-21 10:38:42] EDIT salelist/views/default/show.html: 0
[2016-02-21 10:39:07] EDIT salelist/views/default/show.html: 0
[2016-02-21 10:55:47] EDIT salelist/views/default/show.html: 1
[2016-02-21 11:02:21] EDIT salelist/views/default/show.html: 0
[2016-02-21 11:02:52] EDIT salelist/views/default/show.html: 0
[2016-02-21 11:03:21] EDIT salelist/views/default/show.html: 0
[2016-02-21 11:04:37] EDIT salelist/views/default/show.html: 0
[2016-02-21 11:05:18] EDIT salelist/views/default/show.html: 0
[2016-02-21 11:05:30] EDIT salelist/views/default/show.html: 0
[2016-02-21 11:21:55] EDIT salelist/views/default/show.html: 0
[2016-02-21 11:22:48] EDIT salelist/views/default/show.html: 0
[2016-02-21 11:25:21] EDIT salelist/views/default/show.html: 0
[2016-02-21 11:25:36] EDIT salelist/controllers/default.py: 1
[2016-02-21 11:27:14] EDIT salelist/controllers/default.py: 1
[2016-02-21 11:27:53] EDIT salelist/controllers/default.py: 0
[2016-02-21 11:34:34] EDIT salelist/controllers/default.py: 1
[2016-02-21 11:34:49] EDIT salelist/controllers/default.py: 0
[2016-02-21 11:36:24] EDIT salelist/controllers/default.py: 0
[2016-02-21 11:39:41] EDIT salelist/views/default/show.html: 0
[2016-02-21 11:41:50] EDIT salelist/controllers/default.py: -1
[2016-02-21 11:41:56] EDIT salelist/controllers/default.py: 0
[2016-02-21 11:42:20] EDIT salelist/controllers/default.py: 0
[2016-02-21 11:42:44] EDIT salelist/controllers/default.py: -1
[2016-02-22 09:33:33] EDIT salelist/views/default/show.html: 0
[2016-02-22 09:44:49] EDIT salelist/controllers/default.py: 0
[2016-02-22 09:50:22] EDIT salelist/views/default/show.html: -1
[2016-02-22 09:52:48] EDIT salelist/views/default/show.html: 0
[2016-02-22 10:07:44] EDIT salelist/views/default/show.html: 0
[2016-02-22 10:08:28] EDIT salelist/views/default/show.html: 0
[2016-02-22 10:10:47] EDIT salelist/views/default/show.html: 1
[2016-02-22 10:29:07] EDIT salelist/views/default/show.html: 1
[2016-02-22 10:39:11] EDIT salelist/views/default/show.html: 0
[2016-02-22 10:52:51] EDIT salelist/controllers/default.py: 0
[2016-02-22 10:53:01] EDIT salelist/views/default/show.html: 0
[2016-02-22 11:01:44] EDIT salelist/views/default/show.html: 1
[2016-02-22 11:02:28] EDIT salelist/views/default/show.html: 0
[2016-02-22 11:05:53] EDIT salelist/views/default/show.html: 0
[2016-02-22 11:06:19] EDIT salelist/views/default/show.html: 0
[2016-02-22 11:06:39] EDIT salelist/views/default/show.html: 0
[2016-02-22 13:24:09] EDIT salelist/views/default/show.html: -1
[2016-02-22 13:25:56] EDIT salelist/views/default/show.html: 0
[2016-02-22 13:26:55] EDIT salelist/views/default/show.html: 0
[2016-02-22 13:42:45] EDIT salelist/views/default/show.html: 0
[2016-02-22 14:05:40] EDIT salelist/views/default/show.html: 1
[2016-02-22 14:09:35] EDIT salelist/controllers/default.py: 0
[2016-02-22 14:44:46] EDIT salelist/views/default/show.html: 0
[2016-02-22 14:48:19] EDIT salelist/controllers/default.py: 0
[2016-02-22 14:48:23] EDIT salelist/views/default/show.html: 0
[2016-02-22 14:49:49] EDIT salelist/views/default/show.html: 2
[2016-02-22 14:50:52] EDIT salelist/controllers/default.py: 0
[2016-02-22 14:52:19] EDIT salelist/views/default/show.html: -5
[2016-02-22 14:52:55] EDIT salelist/views/default/show.html: -1
[2016-02-22 14:54:01] EDIT salelist/views/default/show.html: 1
[2016-02-22 14:58:10] EDIT salelist/views/default/show.html: 0
[2016-02-22 14:58:42] EDIT salelist/views/default/show.html: 0
[2016-02-22 15:01:27] EDIT salelist/views/default/show.html: 0
[2016-02-22 15:02:57] EDIT salelist/views/default/show.html: 0
